<?xml version="1.0" encoding="UTF-8"?>
<!-- Generated by org.testng.reporters.JUnitXMLReporter -->
<testsuite ignored="0" hostname="DESKTOP-2QO26VS" failures="0" tests="4" name="Default test" time="0.162" errors="0" timestamp="2020-01-26T11:16:40 IST">
  <testcase classname="mave_pkg.maven_demo_test" name="add" time="0.009"/>
  <testcase classname="mave_pkg.maven_demo_test" name="div" time="0.002"/>
  <testcase classname="mave_pkg.maven_demo_test" name="mul" time="0.004"/>
  <testcase classname="mave_pkg.maven_demo_test" name="sub" time="0.002"/>
</testsuite> <!-- Default test -->
