<?xml version="1.0" encoding="UTF-8"?>
<testng-results ignored="0" total="1" passed="1" failed="0" skipped="0">
  <reporter-output>
  </reporter-output>
  <suite started-at="2020-02-01T11:36:35 IST" name="Default suite" finished-at="2020-02-01T11:36:54 IST" duration-ms="18356">
    <groups>
    </groups>
    <test started-at="2020-02-01T11:36:35 IST" name="Default test" finished-at="2020-02-01T11:36:54 IST" duration-ms="18356">
      <class name="mave_pkg.basic_mvnclass">
        <test-method is-config="true" signature="beforeSuite()[pri:0, instance:mave_pkg.basic_mvnclass@3c72f59f]" started-at="2020-02-01T11:35:44 IST" name="beforeSuite" finished-at="2020-02-01T11:36:35 IST" duration-ms="51121" status="PASS">
          <reporter-output>
          </reporter-output>
        </test-method> <!-- beforeSuite -->
        <test-method is-config="true" signature="beforeTest()[pri:0, instance:mave_pkg.basic_mvnclass@3c72f59f]" started-at="2020-02-01T11:36:35 IST" name="beforeTest" finished-at="2020-02-01T11:36:44 IST" duration-ms="8596" status="PASS">
          <reporter-output>
          </reporter-output>
        </test-method> <!-- beforeTest -->
        <test-method signature="f()[pri:0, instance:mave_pkg.basic_mvnclass@3c72f59f]" started-at="2020-02-01T11:36:44 IST" name="f" finished-at="2020-02-01T11:36:50 IST" duration-ms="5772" status="PASS">
          <reporter-output>
          </reporter-output>
        </test-method> <!-- f -->
        <test-method is-config="true" signature="afterTest()[pri:0, instance:mave_pkg.basic_mvnclass@3c72f59f]" started-at="2020-02-01T11:36:50 IST" name="afterTest" finished-at="2020-02-01T11:36:54 IST" duration-ms="3954" status="PASS">
          <reporter-output>
          </reporter-output>
        </test-method> <!-- afterTest -->
        <test-method is-config="true" signature="afterSuite()[pri:0, instance:mave_pkg.basic_mvnclass@3c72f59f]" started-at="2020-02-01T11:36:55 IST" name="afterSuite" finished-at="2020-02-01T11:36:59 IST" duration-ms="3684" status="PASS">
          <reporter-output>
          </reporter-output>
        </test-method> <!-- afterSuite -->
      </class> <!-- mave_pkg.basic_mvnclass -->
    </test> <!-- Default test -->
  </suite> <!-- Default suite -->
</testng-results>
